
=== Wed Feb  3 16:30:10 2021

Packages were changed.
Update Mode: resetToDefaultDependencies

The following packages were added:
  com.unity.collab-proxy@1.3.9
  com.unity.ide.rider@2.0.7
  com.unity.ide.visualstudio@2.0.5
  com.unity.ide.vscode@1.2.3
  com.unity.modules.ai@1.0.0
  com.unity.modules.androidjni@1.0.0
  com.unity.modules.animation@1.0.0
  com.unity.modules.assetbundle@1.0.0
  com.unity.modules.audio@1.0.0
  com.unity.modules.cloth@1.0.0
  com.unity.modules.director@1.0.0
  com.unity.modules.imageconversion@1.0.0
  com.unity.modules.imgui@1.0.0
  com.unity.modules.jsonserialize@1.0.0
  com.unity.modules.particlesystem@1.0.0
  com.unity.modules.physics@1.0.0
  com.unity.modules.physics2d@1.0.0
  com.unity.modules.screencapture@1.0.0
  com.unity.modules.terrain@1.0.0
  com.unity.modules.terrainphysics@1.0.0
  com.unity.modules.tilemap@1.0.0
  com.unity.modules.ui@1.0.0
  com.unity.modules.uielements@1.0.0
  com.unity.modules.umbra@1.0.0
  com.unity.modules.unityanalytics@1.0.0
  com.unity.modules.unitywebrequest@1.0.0
  com.unity.modules.unitywebrequestassetbundle@1.0.0
  com.unity.modules.unitywebrequestaudio@1.0.0
  com.unity.modules.unitywebrequesttexture@1.0.0
  com.unity.modules.unitywebrequestwww@1.0.0
  com.unity.modules.vehicles@1.0.0
  com.unity.modules.video@1.0.0
  com.unity.modules.vr@1.0.0
  com.unity.modules.wind@1.0.0
  com.unity.modules.xr@1.0.0
  com.unity.test-framework@1.1.20
  com.unity.textmeshpro@3.0.1
  com.unity.timeline@1.4.5
  com.unity.ugui@1.0.0

=== Thu Jun 17 17:52:35 2021

Packages were changed.
Update Mode: updateDependencies

The following packages were updated:
  com.unity.collab-proxy from version 1.3.9 to 1.5.7
  com.unity.ide.visualstudio from version 2.0.5 to 2.0.8
  com.unity.render-pipelines.universal from version 10.2.2 to 10.5.0
  com.unity.shadergraph from version 10.2.2 to 10.5.0
  com.unity.test-framework from version 1.1.20 to 1.1.24
  com.unity.timeline from version 1.4.4 to 1.4.8
  com.unity.visualeffectgraph from version 10.2.2 to 10.5.0

=== Sat Jul 10 08:38:08 2021

Packages were changed.
Update Mode: mergeDefaultDependencies

The following packages were added:
  com.unity.ide.vscode@1.2.3
The following packages were updated:
  com.unity.cinemachine from version 2.6.2 to 2.6.5
  com.unity.postprocessing from version 3.0.3 to 3.1.1

=== Wed Sep 22 12:42:06 2021

Packages were changed.
Update Mode: updateDependencies

The following packages were updated:
  com.unity.ide.visualstudio from version 2.0.8 to 2.0.11
  com.unity.render-pipelines.universal from version 10.5.1 to 10.6.0
  com.unity.shadergraph from version 10.5.0 to 10.6.0
  com.unity.test-framework from version 1.1.24 to 1.1.29
  com.unity.visualeffectgraph from version 10.5.0 to 10.6.0
